E:\WORK\ENGINE\RABBIT_ENGINE\BUILD\SRC\ENGINE_LIB.DIR\DEBUG\UTILS.OBJ
E:\WORK\ENGINE\RABBIT_ENGINE\BUILD\SRC\ENGINE_LIB.DIR\DEBUG\LOGGER.OBJ
E:\WORK\ENGINE\RABBIT_ENGINE\BUILD\SRC\ENGINE_LIB.DIR\DEBUG\VC110.PDB
E:\WORK\ENGINE\RABBIT_ENGINE\BUILD\SRC\CMAKEFILES\GENERATE.STAMP
E:\WORK\ENGINE\RABBIT_ENGINE\BUILD\SRC\DEBUG\ENGINE_LIB.LIB
E:\WORK\ENGINE\RABBIT_ENGINE\BUILD\SRC\DEBUG\ENGINE_LIB.ILK
E:\WORK\ENGINE\RABBIT_ENGINE\BUILD\SRC\DEBUG\ENGINE_LIB.DLL
E:\WORK\ENGINE\RABBIT_ENGINE\BUILD\SRC\DEBUG\ENGINE_LIB.PDB
E:\work\engine\rabbit_engine\build\src\engine_lib.dir\Debug\logger.obj
E:\work\engine\rabbit_engine\build\src\engine_lib.dir\Debug\utils.obj
E:\work\engine\rabbit_engine\build\src\engine_lib.dir\Debug\cl.command.1.tlog
E:\work\engine\rabbit_engine\build\src\engine_lib.dir\Debug\CL.read.1.tlog
E:\work\engine\rabbit_engine\build\src\engine_lib.dir\Debug\CL.write.1.tlog
E:\work\engine\rabbit_engine\build\src\engine_lib.dir\Debug\custombuild.command.1.tlog
E:\work\engine\rabbit_engine\build\src\engine_lib.dir\Debug\custombuild.read.1.tlog
E:\work\engine\rabbit_engine\build\src\engine_lib.dir\Debug\custombuild.write.1.tlog
E:\work\engine\rabbit_engine\build\src\engine_lib.dir\Debug\Lib-link.read.1.tlog
E:\work\engine\rabbit_engine\build\src\engine_lib.dir\Debug\Lib-link.write.1.tlog
E:\work\engine\rabbit_engine\build\src\engine_lib.dir\Debug\lib.command.1.tlog
E:\work\engine\rabbit_engine\build\src\engine_lib.dir\Debug\link-cvtres.read.1.tlog
E:\work\engine\rabbit_engine\build\src\engine_lib.dir\Debug\link-cvtres.write.1.tlog
E:\work\engine\rabbit_engine\build\src\engine_lib.dir\Debug\link-rc.read.1.tlog
E:\work\engine\rabbit_engine\build\src\engine_lib.dir\Debug\link-rc.write.1.tlog
E:\work\engine\rabbit_engine\build\src\engine_lib.dir\Debug\link.command.1.tlog
E:\work\engine\rabbit_engine\build\src\engine_lib.dir\Debug\link.read.1.tlog
E:\work\engine\rabbit_engine\build\src\engine_lib.dir\Debug\link.write.1.tlog
E:\work\engine\rabbit_engine\build\src\engine_lib.dir\Debug\vc110.pdb
E:\work\engine\rabbit_engine\build\src\Debug\engine_lib.pdb
E:\work\engine\rabbit_engine\build\src\Debug\engine_lib.lib
E:\work\engine\rabbit_engine\build\src\Debug\engine_lib.ilk
